<?xml version="1.0" encoding="UTF-8"?>
<testng-results skipped="0" failed="0" ignored="0" total="1" passed="1">
  <reporter-output>
  </reporter-output>
  <suite name="Default suite" duration-ms="8972" started-at="2018-02-07T16:00:43Z" finished-at="2018-02-07T16:00:52Z">
    <groups>
    </groups>
    <test name="Default test" duration-ms="8972" started-at="2018-02-07T16:00:43Z" finished-at="2018-02-07T16:00:52Z">
      <class name="testPaintCalculator.homepage.TC001_VerifyHappyPath">
        <test-method status="PASS" signature="setUp()[pri:0, instance:testPaintCalculator.homepage.TC001_VerifyHappyPath@1bce4f0a]" name="setUp" is-config="true" duration-ms="5983" started-at="2018-02-07T10:00:43Z" finished-at="2018-02-07T10:00:49Z">
          <reporter-output>
          </reporter-output>
        </test-method> <!-- setUp -->
        <test-method status="PASS" signature="verifyHappyPath()[pri:0, instance:testPaintCalculator.homepage.TC001_VerifyHappyPath@1bce4f0a]" name="verifyHappyPath" duration-ms="747" started-at="2018-02-07T10:00:49Z" finished-at="2018-02-07T10:00:49Z">
          <reporter-output>
          </reporter-output>
        </test-method> <!-- verifyHappyPath -->
        <test-method status="PASS" signature="endTest()[pri:0, instance:testPaintCalculator.homepage.TC001_VerifyHappyPath@1bce4f0a]" name="endTest" is-config="true" duration-ms="2193" started-at="2018-02-07T10:00:49Z" finished-at="2018-02-07T10:00:52Z">
          <reporter-output>
          </reporter-output>
        </test-method> <!-- endTest -->
      </class> <!-- testPaintCalculator.homepage.TC001_VerifyHappyPath -->
    </test> <!-- Default test -->
  </suite> <!-- Default suite -->
</testng-results>
